<?xml version="1.0" encoding="UTF-8"?>
<testng-results ignored="0" total="4" passed="4" failed="0" skipped="0">
  <reporter-output>
  </reporter-output>
  <suite started-at="2024-09-08T19:09:32 IST" name="Default suite" finished-at="2024-09-08T19:10:27 IST" duration-ms="55123">
    <groups>
      <group name="cucumber">
        <method signature="AbstractTestNGCucumberTests.runScenario(io.cucumber.testng.PickleWrapper, io.cucumber.testng.FeatureWrapper)[pri:0, instance:ERP_Runner.ERP_Runner@dbf57b3]" name="runScenario" class="io.cucumber.testng.AbstractTestNGCucumberTests"/>
      </group> <!-- cucumber -->
    </groups>
    <test started-at="2024-09-08T19:09:32 IST" name="Default test" finished-at="2024-09-08T19:10:27 IST" duration-ms="55123">
      <class name="ERP_Runner.ERP_Runner">
        <test-method is-config="true" signature="setUpClass(org.testng.ITestContext)[pri:0, instance:ERP_Runner.ERP_Runner@dbf57b3]" started-at="2024-09-08T19:09:32 IST" name="setUpClass" finished-at="2024-09-08T19:09:32 IST" duration-ms="400" status="PASS">
          <params>
            <param index="0">
              <value>
                <![CDATA[org.testng.TestRunner@d2e6b0b]]>
              </value>
            </param>
          </params>
          <reporter-output>
          </reporter-output>
        </test-method> <!-- setUpClass -->
        <test-method signature="runScenario(io.cucumber.testng.PickleWrapper, io.cucumber.testng.FeatureWrapper)[pri:0, instance:ERP_Runner.ERP_Runner@dbf57b3]" started-at="2024-09-08T19:09:32 IST" name="runScenario" description="Runs Cucumber Scenarios" data-provider="scenarios" finished-at="2024-09-08T19:09:45 IST" duration-ms="13164" status="PASS">
          <params>
            <param index="0">
              <value>
                <![CDATA["Login validation using with valid and invalid credentials"]]>
              </value>
            </param>
            <param index="1">
              <value>
                <![CDATA["Erp login feature"]]>
              </value>
            </param>
          </params>
          <reporter-output>
          </reporter-output>
        </test-method> <!-- runScenario -->
        <test-method signature="runScenario(io.cucumber.testng.PickleWrapper, io.cucumber.testng.FeatureWrapper)[pri:0, instance:ERP_Runner.ERP_Runner@dbf57b3]" started-at="2024-09-08T19:09:45 IST" name="runScenario" description="Runs Cucumber Scenarios" data-provider="scenarios" finished-at="2024-09-08T19:09:57 IST" duration-ms="11334" status="PASS">
          <params>
            <param index="0">
              <value>
                <![CDATA["Login validation using with valid and invalid credentials"]]>
              </value>
            </param>
            <param index="1">
              <value>
                <![CDATA["Erp login feature"]]>
              </value>
            </param>
          </params>
          <reporter-output>
          </reporter-output>
        </test-method> <!-- runScenario -->
        <test-method signature="runScenario(io.cucumber.testng.PickleWrapper, io.cucumber.testng.FeatureWrapper)[pri:0, instance:ERP_Runner.ERP_Runner@dbf57b3]" started-at="2024-09-08T19:09:57 IST" name="runScenario" description="Runs Cucumber Scenarios" data-provider="scenarios" finished-at="2024-09-08T19:10:09 IST" duration-ms="12327" status="PASS">
          <params>
            <param index="0">
              <value>
                <![CDATA["Login validation using with valid and invalid credentials"]]>
              </value>
            </param>
            <param index="1">
              <value>
                <![CDATA["Erp login feature"]]>
              </value>
            </param>
          </params>
          <reporter-output>
          </reporter-output>
        </test-method> <!-- runScenario -->
        <test-method signature="runScenario(io.cucumber.testng.PickleWrapper, io.cucumber.testng.FeatureWrapper)[pri:0, instance:ERP_Runner.ERP_Runner@dbf57b3]" started-at="2024-09-08T19:10:09 IST" name="runScenario" description="Runs Cucumber Scenarios" data-provider="scenarios" finished-at="2024-09-08T19:10:27 IST" duration-ms="17843" status="PASS">
          <params>
            <param index="0">
              <value>
                <![CDATA["Login validation using with valid and invalid credentials"]]>
              </value>
            </param>
            <param index="1">
              <value>
                <![CDATA["Erp login feature"]]>
              </value>
            </param>
          </params>
          <reporter-output>
          </reporter-output>
        </test-method> <!-- runScenario -->
        <test-method is-config="true" signature="tearDownClass()[pri:0, instance:ERP_Runner.ERP_Runner@dbf57b3]" started-at="2024-09-08T19:10:27 IST" name="tearDownClass" finished-at="2024-09-08T19:10:27 IST" duration-ms="3" status="PASS">
          <reporter-output>
          </reporter-output>
        </test-method> <!-- tearDownClass -->
      </class> <!-- ERP_Runner.ERP_Runner -->
    </test> <!-- Default test -->
  </suite> <!-- Default suite -->
</testng-results>
